<?xml version="1.0" encoding="UTF-8"?>
<testsuite xmlns:xsi="http://www.w3.org/2001/XMLSchema-instance" xsi:noNamespaceSchemaLocation="https://maven.apache.org/surefire/maven-surefire-plugin/xsd/surefire-test-report.xsd" name="id.idtrust.billing.BillingApplicationTests" time="13.412" tests="1" errors="0" skipped="0" failures="0">
  <properties>
    <property name="java.specification.version" value="19"/>
    <property name="sun.jnu.encoding" value="UTF-8"/>
    <property name="java.class.path" value="/Users/iqbal/iqbal/microservice/target/test-classes:/Users/iqbal/iqbal/microservice/target/classes:/Users/iqbal/.m2/repository/org/springframework/boot/spring-boot-starter/2.7.7/spring-boot-starter-2.7.7.jar:/Users/iqbal/.m2/repository/org/springframework/boot/spring-boot/2.7.7/spring-boot-2.7.7.jar:/Users/iqbal/.m2/repository/org/springframework/boot/spring-boot-autoconfigure/2.7.7/spring-boot-autoconfigure-2.7.7.jar:/Users/iqbal/.m2/repository/jakarta/annotation/jakarta.annotation-api/1.3.5/jakarta.annotation-api-1.3.5.jar:/Users/iqbal/.m2/repository/org/springframework/spring-core/5.3.24/spring-core-5.3.24.jar:/Users/iqbal/.m2/repository/org/springframework/spring-jcl/5.3.24/spring-jcl-5.3.24.jar:/Users/iqbal/.m2/repository/org/yaml/snakeyaml/1.30/snakeyaml-1.30.jar:/Users/iqbal/.m2/repository/org/springframework/boot/spring-boot-starter-data-jdbc/2.7.7/spring-boot-starter-data-jdbc-2.7.7.jar:/Users/iqbal/.m2/repository/org/springframework/data/spring-data-jdbc/2.4.6/spring-data-jdbc-2.4.6.jar:/Users/iqbal/.m2/repository/org/springframework/data/spring-data-relational/2.4.6/spring-data-relational-2.4.6.jar:/Users/iqbal/.m2/repository/org/springframework/data/spring-data-commons/2.7.6/spring-data-commons-2.7.6.jar:/Users/iqbal/.m2/repository/org/springframework/boot/spring-boot-starter-data-jpa/2.7.7/spring-boot-starter-data-jpa-2.7.7.jar:/Users/iqbal/.m2/repository/jakarta/transaction/jakarta.transaction-api/1.3.3/jakarta.transaction-api-1.3.3.jar:/Users/iqbal/.m2/repository/jakarta/persistence/jakarta.persistence-api/2.2.3/jakarta.persistence-api-2.2.3.jar:/Users/iqbal/.m2/repository/org/hibernate/hibernate-core/5.6.14.Final/hibernate-core-5.6.14.Final.jar:/Users/iqbal/.m2/repository/org/jboss/logging/jboss-logging/3.4.3.Final/jboss-logging-3.4.3.Final.jar:/Users/iqbal/.m2/repository/net/bytebuddy/byte-buddy/1.12.20/byte-buddy-1.12.20.jar:/Users/iqbal/.m2/repository/antlr/antlr/2.7.7/antlr-2.7.7.jar:/Users/iqbal/.m2/repository/org/jboss/jandex/2.4.2.Final/jandex-2.4.2.Final.jar:/Users/iqbal/.m2/repository/com/fasterxml/classmate/1.5.1/classmate-1.5.1.jar:/Users/iqbal/.m2/repository/org/hibernate/common/hibernate-commons-annotations/5.1.2.Final/hibernate-commons-annotations-5.1.2.Final.jar:/Users/iqbal/.m2/repository/org/glassfish/jaxb/jaxb-runtime/2.3.7/jaxb-runtime-2.3.7.jar:/Users/iqbal/.m2/repository/org/glassfish/jaxb/txw2/2.3.7/txw2-2.3.7.jar:/Users/iqbal/.m2/repository/com/sun/istack/istack-commons-runtime/3.0.12/istack-commons-runtime-3.0.12.jar:/Users/iqbal/.m2/repository/com/sun/activation/jakarta.activation/1.2.2/jakarta.activation-1.2.2.jar:/Users/iqbal/.m2/repository/org/springframework/data/spring-data-jpa/2.7.6/spring-data-jpa-2.7.6.jar:/Users/iqbal/.m2/repository/org/springframework/spring-orm/5.3.24/spring-orm-5.3.24.jar:/Users/iqbal/.m2/repository/org/springframework/spring-aspects/5.3.24/spring-aspects-5.3.24.jar:/Users/iqbal/.m2/repository/org/springframework/boot/spring-boot-starter-jdbc/2.7.7/spring-boot-starter-jdbc-2.7.7.jar:/Users/iqbal/.m2/repository/com/zaxxer/HikariCP/4.0.3/HikariCP-4.0.3.jar:/Users/iqbal/.m2/repository/org/springframework/spring-jdbc/5.3.24/spring-jdbc-5.3.24.jar:/Users/iqbal/.m2/repository/org/springframework/boot/spring-boot-starter-web/2.7.7/spring-boot-starter-web-2.7.7.jar:/Users/iqbal/.m2/repository/org/springframework/boot/spring-boot-starter-json/2.7.7/spring-boot-starter-json-2.7.7.jar:/Users/iqbal/.m2/repository/com/fasterxml/jackson/datatype/jackson-datatype-jdk8/2.13.4/jackson-datatype-jdk8-2.13.4.jar:/Users/iqbal/.m2/repository/com/fasterxml/jackson/datatype/jackson-datatype-jsr310/2.13.4/jackson-datatype-jsr310-2.13.4.jar:/Users/iqbal/.m2/repository/com/fasterxml/jackson/module/jackson-module-parameter-names/2.13.4/jackson-module-parameter-names-2.13.4.jar:/Users/iqbal/.m2/repository/org/springframework/boot/spring-boot-starter-tomcat/2.7.7/spring-boot-starter-tomcat-2.7.7.jar:/Users/iqbal/.m2/repository/org/apache/tomcat/embed/tomcat-embed-core/9.0.70/tomcat-embed-core-9.0.70.jar:/Users/iqbal/.m2/repository/org/apache/tomcat/embed/tomcat-embed-el/9.0.70/tomcat-embed-el-9.0.70.jar:/Users/iqbal/.m2/repository/org/apache/tomcat/embed/tomcat-embed-websocket/9.0.70/tomcat-embed-websocket-9.0.70.jar:/Users/iqbal/.m2/repository/org/springframework/spring-web/5.3.24/spring-web-5.3.24.jar:/Users/iqbal/.m2/repository/org/springframework/spring-webmvc/5.3.24/spring-webmvc-5.3.24.jar:/Users/iqbal/.m2/repository/org/springframework/spring-expression/5.3.24/spring-expression-5.3.24.jar:/Users/iqbal/.m2/repository/org/springframework/boot/spring-boot-starter-log4j2/2.7.7/spring-boot-starter-log4j2-2.7.7.jar:/Users/iqbal/.m2/repository/org/apache/logging/log4j/log4j-slf4j-impl/2.17.2/log4j-slf4j-impl-2.17.2.jar:/Users/iqbal/.m2/repository/org/apache/logging/log4j/log4j-api/2.17.2/log4j-api-2.17.2.jar:/Users/iqbal/.m2/repository/org/apache/logging/log4j/log4j-core/2.17.2/log4j-core-2.17.2.jar:/Users/iqbal/.m2/repository/org/apache/logging/log4j/log4j-jul/2.17.2/log4j-jul-2.17.2.jar:/Users/iqbal/.m2/repository/org/slf4j/jul-to-slf4j/1.7.36/jul-to-slf4j-1.7.36.jar:/Users/iqbal/.m2/repository/org/springframework/kafka/spring-kafka/2.8.11/spring-kafka-2.8.11.jar:/Users/iqbal/.m2/repository/org/springframework/spring-context/5.3.24/spring-context-5.3.24.jar:/Users/iqbal/.m2/repository/org/springframework/spring-messaging/5.3.24/spring-messaging-5.3.24.jar:/Users/iqbal/.m2/repository/org/springframework/spring-tx/5.3.24/spring-tx-5.3.24.jar:/Users/iqbal/.m2/repository/org/springframework/retry/spring-retry/1.3.4/spring-retry-1.3.4.jar:/Users/iqbal/.m2/repository/com/google/code/findbugs/jsr305/3.0.2/jsr305-3.0.2.jar:/Users/iqbal/.m2/repository/org/apache/commons/commons-lang3/3.12.0/commons-lang3-3.12.0.jar:/Users/iqbal/.m2/repository/com/opencsv/opencsv/5.7.1/opencsv-5.7.1.jar:/Users/iqbal/.m2/repository/org/apache/commons/commons-text/1.10.0/commons-text-1.10.0.jar:/Users/iqbal/.m2/repository/commons-beanutils/commons-beanutils/1.9.4/commons-beanutils-1.9.4.jar:/Users/iqbal/.m2/repository/commons-logging/commons-logging/1.2/commons-logging-1.2.jar:/Users/iqbal/.m2/repository/commons-collections/commons-collections/3.2.2/commons-collections-3.2.2.jar:/Users/iqbal/.m2/repository/org/apache/commons/commons-collections4/4.4/commons-collections4-4.4.jar:/Users/iqbal/.m2/repository/org/postgresql/postgresql/42.5.4/postgresql-42.5.4.jar:/Users/iqbal/.m2/repository/org/checkerframework/checker-qual/3.5.0/checker-qual-3.5.0.jar:/Users/iqbal/.m2/repository/org/springframework/boot/spring-boot-starter-test/2.7.7/spring-boot-starter-test-2.7.7.jar:/Users/iqbal/.m2/repository/org/springframework/boot/spring-boot-test/2.7.7/spring-boot-test-2.7.7.jar:/Users/iqbal/.m2/repository/org/springframework/boot/spring-boot-test-autoconfigure/2.7.7/spring-boot-test-autoconfigure-2.7.7.jar:/Users/iqbal/.m2/repository/com/jayway/jsonpath/json-path/2.7.0/json-path-2.7.0.jar:/Users/iqbal/.m2/repository/net/minidev/json-smart/2.4.8/json-smart-2.4.8.jar:/Users/iqbal/.m2/repository/net/minidev/accessors-smart/2.4.8/accessors-smart-2.4.8.jar:/Users/iqbal/.m2/repository/org/ow2/asm/asm/9.1/asm-9.1.jar:/Users/iqbal/.m2/repository/jakarta/xml/bind/jakarta.xml.bind-api/2.3.3/jakarta.xml.bind-api-2.3.3.jar:/Users/iqbal/.m2/repository/jakarta/activation/jakarta.activation-api/1.2.2/jakarta.activation-api-1.2.2.jar:/Users/iqbal/.m2/repository/org/assertj/assertj-core/3.22.0/assertj-core-3.22.0.jar:/Users/iqbal/.m2/repository/org/hamcrest/hamcrest/2.2/hamcrest-2.2.jar:/Users/iqbal/.m2/repository/org/junit/jupiter/junit-jupiter/5.8.2/junit-jupiter-5.8.2.jar:/Users/iqbal/.m2/repository/org/junit/jupiter/junit-jupiter-api/5.8.2/junit-jupiter-api-5.8.2.jar:/Users/iqbal/.m2/repository/org/opentest4j/opentest4j/1.2.0/opentest4j-1.2.0.jar:/Users/iqbal/.m2/repository/org/junit/platform/junit-platform-commons/1.8.2/junit-platform-commons-1.8.2.jar:/Users/iqbal/.m2/repository/org/apiguardian/apiguardian-api/1.1.2/apiguardian-api-1.1.2.jar:/Users/iqbal/.m2/repository/org/junit/jupiter/junit-jupiter-params/5.8.2/junit-jupiter-params-5.8.2.jar:/Users/iqbal/.m2/repository/org/junit/jupiter/junit-jupiter-engine/5.8.2/junit-jupiter-engine-5.8.2.jar:/Users/iqbal/.m2/repository/org/junit/platform/junit-platform-engine/1.8.2/junit-platform-engine-1.8.2.jar:/Users/iqbal/.m2/repository/org/mockito/mockito-core/4.5.1/mockito-core-4.5.1.jar:/Users/iqbal/.m2/repository/net/bytebuddy/byte-buddy-agent/1.12.20/byte-buddy-agent-1.12.20.jar:/Users/iqbal/.m2/repository/org/objenesis/objenesis/3.2/objenesis-3.2.jar:/Users/iqbal/.m2/repository/org/mockito/mockito-junit-jupiter/4.5.1/mockito-junit-jupiter-4.5.1.jar:/Users/iqbal/.m2/repository/org/skyscreamer/jsonassert/1.5.1/jsonassert-1.5.1.jar:/Users/iqbal/.m2/repository/org/springframework/spring-test/5.3.24/spring-test-5.3.24.jar:/Users/iqbal/.m2/repository/org/xmlunit/xmlunit-core/2.9.0/xmlunit-core-2.9.0.jar:/Users/iqbal/.m2/repository/com/vaadin/external/google/android-json/0.0.20131108.vaadin1/android-json-0.0.20131108.vaadin1.jar:/Users/iqbal/.m2/repository/org/springframework/boot/spring-boot-starter-amqp/2.7.7/spring-boot-starter-amqp-2.7.7.jar:/Users/iqbal/.m2/repository/com/rabbitmq/http-client/3.12.1/http-client-3.12.1.jar:/Users/iqbal/.m2/repository/com/fasterxml/jackson/core/jackson-databind/2.13.4.2/jackson-databind-2.13.4.2.jar:/Users/iqbal/.m2/repository/com/fasterxml/jackson/core/jackson-annotations/2.13.4/jackson-annotations-2.13.4.jar:/Users/iqbal/.m2/repository/com/fasterxml/jackson/core/jackson-core/2.13.4/jackson-core-2.13.4.jar:/Users/iqbal/.m2/repository/org/codehaus/groovy/groovy/3.0.13/groovy-3.0.13.jar:/Users/iqbal/.m2/repository/org/codehaus/groovy/groovy-json/3.0.13/groovy-json-3.0.13.jar:/Users/iqbal/.m2/repository/org/apache/commons/commons-csv/1.9.0/commons-csv-1.9.0.jar:/Users/iqbal/.m2/repository/org/springframework/spring-context-support/6.0.6/spring-context-support-6.0.6.jar:/Users/iqbal/.m2/repository/org/springframework/spring-beans/5.3.24/spring-beans-5.3.24.jar:/Users/iqbal/.m2/repository/commons-io/commons-io/2.11.0/commons-io-2.11.0.jar:/Users/iqbal/.m2/repository/org/apache/commons/commons-compress/1.21/commons-compress-1.21.jar:/Users/iqbal/.m2/repository/org/apache/kafka/kafka-clients/7.0.1-ccs/kafka-clients-7.0.1-ccs.jar:/Users/iqbal/.m2/repository/com/github/luben/zstd-jni/1.5.0-2/zstd-jni-1.5.0-2.jar:/Users/iqbal/.m2/repository/org/lz4/lz4-java/1.7.1/lz4-java-1.7.1.jar:/Users/iqbal/.m2/repository/org/xerial/snappy/snappy-java/1.1.8.1/snappy-java-1.1.8.1.jar:/Users/iqbal/.m2/repository/org/slf4j/slf4j-api/1.7.36/slf4j-api-1.7.36.jar:/Users/iqbal/.m2/repository/org/springframework/boot/spring-boot-starter-aop/2.7.7/spring-boot-starter-aop-2.7.7.jar:/Users/iqbal/.m2/repository/org/springframework/spring-aop/5.3.24/spring-aop-5.3.24.jar:/Users/iqbal/.m2/repository/org/aspectj/aspectjweaver/1.9.7/aspectjweaver-1.9.7.jar:/Users/iqbal/.m2/repository/org/apache/httpcomponents/httpclient/4.5.14/httpclient-4.5.14.jar:/Users/iqbal/.m2/repository/org/apache/httpcomponents/httpcore/4.4.16/httpcore-4.4.16.jar:/Users/iqbal/.m2/repository/commons-codec/commons-codec/1.15/commons-codec-1.15.jar:/Users/iqbal/.m2/repository/org/projectlombok/lombok/1.18.24/lombok-1.18.24.jar:/Users/iqbal/.m2/repository/com/github/pengrad/java-telegram-bot-api/6.3.0/java-telegram-bot-api-6.3.0.jar:/Users/iqbal/.m2/repository/com/google/code/gson/gson/2.9.1/gson-2.9.1.jar:/Users/iqbal/.m2/repository/com/squareup/okhttp3/okhttp/4.9.3/okhttp-4.9.3.jar:/Users/iqbal/.m2/repository/com/squareup/okio/okio/2.8.0/okio-2.8.0.jar:/Users/iqbal/.m2/repository/org/jetbrains/kotlin/kotlin-stdlib-common/1.6.21/kotlin-stdlib-common-1.6.21.jar:/Users/iqbal/.m2/repository/org/jetbrains/kotlin/kotlin-stdlib/1.6.21/kotlin-stdlib-1.6.21.jar:/Users/iqbal/.m2/repository/org/jetbrains/annotations/13.0/annotations-13.0.jar:/Users/iqbal/.m2/repository/com/squareup/okhttp3/logging-interceptor/4.9.3/logging-interceptor-4.9.3.jar:/Users/iqbal/.m2/repository/org/jetbrains/kotlin/kotlin-stdlib-jdk8/1.6.21/kotlin-stdlib-jdk8-1.6.21.jar:/Users/iqbal/.m2/repository/org/jetbrains/kotlin/kotlin-stdlib-jdk7/1.6.21/kotlin-stdlib-jdk7-1.6.21.jar:/Users/iqbal/.m2/repository/io/confluent/kafka-json-schema-serializer/7.3.1/kafka-json-schema-serializer-7.3.1.jar:/Users/iqbal/.m2/repository/io/confluent/kafka-json-schema-provider/7.3.1/kafka-json-schema-provider-7.3.1.jar:/Users/iqbal/.m2/repository/com/github/erosb/everit-json-schema/1.14.1/everit-json-schema-1.14.1.jar:/Users/iqbal/.m2/repository/org/json/json/20220320/json-20220320.jar:/Users/iqbal/.m2/repository/commons-validator/commons-validator/1.7/commons-validator-1.7.jar:/Users/iqbal/.m2/repository/commons-digester/commons-digester/2.1/commons-digester-2.1.jar:/Users/iqbal/.m2/repository/com/damnhandy/handy-uri-templates/2.1.8/handy-uri-templates-2.1.8.jar:/Users/iqbal/.m2/repository/com/google/re2j/re2j/1.6/re2j-1.6.jar:/Users/iqbal/.m2/repository/com/fasterxml/jackson/datatype/jackson-datatype-guava/2.13.4/jackson-datatype-guava-2.13.4.jar:/Users/iqbal/.m2/repository/com/fasterxml/jackson/datatype/jackson-datatype-joda/2.13.4/jackson-datatype-joda-2.13.4.jar:/Users/iqbal/.m2/repository/joda-time/joda-time/2.10.8/joda-time-2.10.8.jar:/Users/iqbal/.m2/repository/com/kjetland/mbknor-jackson-jsonschema_2.13/1.0.39/mbknor-jackson-jsonschema_2.13-1.0.39.jar:/Users/iqbal/.m2/repository/org/scala-lang/scala-library/2.13.1/scala-library-2.13.1.jar:/Users/iqbal/.m2/repository/javax/validation/validation-api/2.0.1.Final/validation-api-2.0.1.Final.jar:/Users/iqbal/.m2/repository/io/github/classgraph/classgraph/4.8.21/classgraph-4.8.21.jar:/Users/iqbal/.m2/repository/org/jetbrains/kotlin/kotlin-scripting-jvm/1.6.21/kotlin-scripting-jvm-1.6.21.jar:/Users/iqbal/.m2/repository/org/jetbrains/kotlin/kotlin-script-runtime/1.6.21/kotlin-script-runtime-1.6.21.jar:/Users/iqbal/.m2/repository/org/jetbrains/kotlin/kotlin-scripting-common/1.6.21/kotlin-scripting-common-1.6.21.jar:/Users/iqbal/.m2/repository/org/jetbrains/kotlin/kotlin-scripting-compiler-embeddable/1.6.0/kotlin-scripting-compiler-embeddable-1.6.0.jar:/Users/iqbal/.m2/repository/org/jetbrains/kotlin/kotlin-scripting-compiler-impl-embeddable/1.6.0/kotlin-scripting-compiler-impl-embeddable-1.6.0.jar:/Users/iqbal/.m2/repository/io/confluent/kafka-schema-serializer/7.3.1/kafka-schema-serializer-7.3.1.jar:/Users/iqbal/.m2/repository/io/confluent/kafka-json-serializer/7.3.1/kafka-json-serializer-7.3.1.jar:/Users/iqbal/.m2/repository/io/confluent/common-config/7.3.1/common-config-7.3.1.jar:/Users/iqbal/.m2/repository/io/confluent/kafka-schema-registry-client/7.3.1/kafka-schema-registry-client-7.3.1.jar:/Users/iqbal/.m2/repository/org/apache/avro/avro/1.11.0/avro-1.11.0.jar:/Users/iqbal/.m2/repository/io/swagger/core/v3/swagger-annotations/2.1.10/swagger-annotations-2.1.10.jar:/Users/iqbal/.m2/repository/com/google/guava/guava/30.1.1-jre/guava-30.1.1-jre.jar:/Users/iqbal/.m2/repository/com/google/guava/failureaccess/1.0.1/failureaccess-1.0.1.jar:/Users/iqbal/.m2/repository/com/google/guava/listenablefuture/9999.0-empty-to-avoid-conflict-with-guava/listenablefuture-9999.0-empty-to-avoid-conflict-with-guava.jar:/Users/iqbal/.m2/repository/com/google/errorprone/error_prone_annotations/2.5.1/error_prone_annotations-2.5.1.jar:/Users/iqbal/.m2/repository/com/google/j2objc/j2objc-annotations/1.3/j2objc-annotations-1.3.jar:/Users/iqbal/.m2/repository/io/confluent/common-utils/7.3.1/common-utils-7.3.1.jar:/Users/iqbal/.m2/repository/org/springframework/cloud/spring-cloud-starter-sleuth/3.1.9/spring-cloud-starter-sleuth-3.1.9.jar:/Users/iqbal/.m2/repository/org/springframework/cloud/spring-cloud-starter/3.1.7/spring-cloud-starter-3.1.7.jar:/Users/iqbal/.m2/repository/org/springframework/cloud/spring-cloud-context/3.1.7/spring-cloud-context-3.1.7.jar:/Users/iqbal/.m2/repository/org/springframework/security/spring-security-rsa/1.0.11.RELEASE/spring-security-rsa-1.0.11.RELEASE.jar:/Users/iqbal/.m2/repository/org/bouncycastle/bcpkix-jdk15on/1.69/bcpkix-jdk15on-1.69.jar:/Users/iqbal/.m2/repository/org/bouncycastle/bcprov-jdk15on/1.69/bcprov-jdk15on-1.69.jar:/Users/iqbal/.m2/repository/org/bouncycastle/bcutil-jdk15on/1.69/bcutil-jdk15on-1.69.jar:/Users/iqbal/.m2/repository/org/springframework/cloud/spring-cloud-sleuth-autoconfigure/3.1.9/spring-cloud-sleuth-autoconfigure-3.1.9.jar:/Users/iqbal/.m2/repository/org/aspectj/aspectjrt/1.9.7/aspectjrt-1.9.7.jar:/Users/iqbal/.m2/repository/org/springframework/cloud/spring-cloud-sleuth-brave/3.1.9/spring-cloud-sleuth-brave-3.1.9.jar:/Users/iqbal/.m2/repository/io/zipkin/brave/brave-context-slf4j/5.13.9/brave-context-slf4j-5.13.9.jar:/Users/iqbal/.m2/repository/io/zipkin/brave/brave-instrumentation-spring-rabbit/5.13.9/brave-instrumentation-spring-rabbit-5.13.9.jar:/Users/iqbal/.m2/repository/io/zipkin/brave/brave-instrumentation-kafka-clients/5.13.9/brave-instrumentation-kafka-clients-5.13.9.jar:/Users/iqbal/.m2/repository/io/zipkin/brave/brave-instrumentation-kafka-streams/5.13.9/brave-instrumentation-kafka-streams-5.13.9.jar:/Users/iqbal/.m2/repository/io/zipkin/brave/brave-instrumentation-httpasyncclient/5.13.9/brave-instrumentation-httpasyncclient-5.13.9.jar:/Users/iqbal/.m2/repository/io/zipkin/brave/brave-instrumentation-jms/5.13.9/brave-instrumentation-jms-5.13.9.jar:/Users/iqbal/.m2/repository/io/zipkin/brave/brave-instrumentation-mongodb/5.13.9/brave-instrumentation-mongodb-5.13.9.jar:/Users/iqbal/.m2/repository/io/zipkin/aws/brave-propagation-aws/0.21.3/brave-propagation-aws-0.21.3.jar:/Users/iqbal/.m2/repository/io/zipkin/reporter2/zipkin-reporter-metrics-micrometer/2.16.3/zipkin-reporter-metrics-micrometer-2.16.3.jar:/Users/iqbal/.m2/repository/org/springframework/cloud/spring-cloud-sleuth-zipkin/3.1.9/spring-cloud-sleuth-zipkin-3.1.9.jar:/Users/iqbal/.m2/repository/org/springframework/cloud/spring-cloud-sleuth-instrumentation/3.1.9/spring-cloud-sleuth-instrumentation-3.1.9.jar:/Users/iqbal/.m2/repository/org/springframework/cloud/spring-cloud-sleuth-api/3.1.9/spring-cloud-sleuth-api-3.1.9.jar:/Users/iqbal/.m2/repository/org/springframework/cloud/spring-cloud-commons/3.1.7/spring-cloud-commons-3.1.7.jar:/Users/iqbal/.m2/repository/org/springframework/security/spring-security-crypto/5.7.6/spring-security-crypto-5.7.6.jar:/Users/iqbal/.m2/repository/io/zipkin/zipkin2/zipkin/2.23.2/zipkin-2.23.2.jar:/Users/iqbal/.m2/repository/io/zipkin/reporter2/zipkin-reporter/2.16.3/zipkin-reporter-2.16.3.jar:/Users/iqbal/.m2/repository/io/zipkin/reporter2/zipkin-reporter-brave/2.16.3/zipkin-reporter-brave-2.16.3.jar:/Users/iqbal/.m2/repository/io/zipkin/reporter2/zipkin-sender-kafka/2.16.3/zipkin-sender-kafka-2.16.3.jar:/Users/iqbal/.m2/repository/io/zipkin/reporter2/zipkin-sender-activemq-client/2.16.3/zipkin-sender-activemq-client-2.16.3.jar:/Users/iqbal/.m2/repository/io/zipkin/reporter2/zipkin-sender-amqp-client/2.16.3/zipkin-sender-amqp-client-2.16.3.jar:/Users/iqbal/.m2/repository/org/springframework/amqp/spring-rabbit/2.4.8/spring-rabbit-2.4.8.jar:/Users/iqbal/.m2/repository/org/springframework/amqp/spring-amqp/2.4.8/spring-amqp-2.4.8.jar:/Users/iqbal/.m2/repository/com/rabbitmq/amqp-client/5.14.2/amqp-client-5.14.2.jar:/Users/iqbal/.m2/repository/org/springframework/boot/spring-boot-starter-actuator/2.7.7/spring-boot-starter-actuator-2.7.7.jar:/Users/iqbal/.m2/repository/org/springframework/boot/spring-boot-actuator-autoconfigure/2.7.7/spring-boot-actuator-autoconfigure-2.7.7.jar:/Users/iqbal/.m2/repository/org/springframework/boot/spring-boot-actuator/2.7.7/spring-boot-actuator-2.7.7.jar:/Users/iqbal/.m2/repository/io/micrometer/micrometer-core/1.9.6/micrometer-core-1.9.6.jar:/Users/iqbal/.m2/repository/org/hdrhistogram/HdrHistogram/2.1.12/HdrHistogram-2.1.12.jar:/Users/iqbal/.m2/repository/org/latencyutils/LatencyUtils/2.0.3/LatencyUtils-2.0.3.jar:/Users/iqbal/.m2/repository/io/zipkin/brave/brave-instrumentation-httpclient/5.16.0/brave-instrumentation-httpclient-5.16.0.jar:/Users/iqbal/.m2/repository/io/zipkin/brave/brave-instrumentation-http/5.16.0/brave-instrumentation-http-5.16.0.jar:/Users/iqbal/.m2/repository/io/zipkin/brave/brave/5.16.0/brave-5.16.0.jar:/Users/iqbal/.m2/repository/io/zipkin/reporter2/zipkin-sender-okhttp3/2.16.4/zipkin-sender-okhttp3-2.16.4.jar:/Users/iqbal/.m2/repository/io/zipkin/brave/brave-instrumentation-okhttp3/5.16.0/brave-instrumentation-okhttp3-5.16.0.jar:/Users/iqbal/.m2/repository/io/zipkin/brave/brave-instrumentation-servlet/5.16.0/brave-instrumentation-servlet-5.16.0.jar:/Users/iqbal/.m2/repository/io/zipkin/brave/brave-context-log4j2/5.16.0/brave-context-log4j2-5.16.0.jar:/Users/iqbal/.m2/repository/io/zipkin/brave/brave-spring-beans/5.16.0/brave-spring-beans-5.16.0.jar:/Users/iqbal/.m2/repository/io/zipkin/brave/brave-instrumentation-messaging/5.16.0/brave-instrumentation-messaging-5.16.0.jar:/Users/iqbal/.m2/repository/io/zipkin/brave/brave-instrumentation-rpc/5.16.0/brave-instrumentation-rpc-5.16.0.jar:/Users/iqbal/.m2/repository/io/zipkin/reporter2/zipkin-reporter-spring-beans/2.16.3/zipkin-reporter-spring-beans-2.16.3.jar:"/>
    <property name="java.vm.vendor" value="Homebrew"/>
    <property name="sun.arch.data.model" value="64"/>
    <property name="java.vendor.url" value="https://github.com/Homebrew/homebrew-core/issues"/>
    <property name="os.name" value="Mac OS X"/>
    <property name="java.vm.specification.version" value="19"/>
    <property name="sun.java.launcher" value="SUN_STANDARD"/>
    <property name="user.country" value="ID"/>
    <property name="sun.boot.library.path" value="/opt/homebrew/Cellar/openjdk/19.0.1/libexec/openjdk.jdk/Contents/Home/lib"/>
    <property name="sun.java.command" value="/Users/iqbal/iqbal/microservice/target/surefire/surefirebooter10913772613973975811.jar /Users/iqbal/iqbal/microservice/target/surefire 2023-07-26T13-44-28_916-jvmRun1 surefire13630504636230081672tmp surefire_016467035058288964680tmp"/>
    <property name="http.nonProxyHosts" value="local|*.local|169.254/16|*.169.254/16"/>
    <property name="jdk.debug" value="release"/>
    <property name="surefire.test.class.path" value="/Users/iqbal/iqbal/microservice/target/test-classes:/Users/iqbal/iqbal/microservice/target/classes:/Users/iqbal/.m2/repository/org/springframework/boot/spring-boot-starter/2.7.7/spring-boot-starter-2.7.7.jar:/Users/iqbal/.m2/repository/org/springframework/boot/spring-boot/2.7.7/spring-boot-2.7.7.jar:/Users/iqbal/.m2/repository/org/springframework/boot/spring-boot-autoconfigure/2.7.7/spring-boot-autoconfigure-2.7.7.jar:/Users/iqbal/.m2/repository/jakarta/annotation/jakarta.annotation-api/1.3.5/jakarta.annotation-api-1.3.5.jar:/Users/iqbal/.m2/repository/org/springframework/spring-core/5.3.24/spring-core-5.3.24.jar:/Users/iqbal/.m2/repository/org/springframework/spring-jcl/5.3.24/spring-jcl-5.3.24.jar:/Users/iqbal/.m2/repository/org/yaml/snakeyaml/1.30/snakeyaml-1.30.jar:/Users/iqbal/.m2/repository/org/springframework/boot/spring-boot-starter-data-jdbc/2.7.7/spring-boot-starter-data-jdbc-2.7.7.jar:/Users/iqbal/.m2/repository/org/springframework/data/spring-data-jdbc/2.4.6/spring-data-jdbc-2.4.6.jar:/Users/iqbal/.m2/repository/org/springframework/data/spring-data-relational/2.4.6/spring-data-relational-2.4.6.jar:/Users/iqbal/.m2/repository/org/springframework/data/spring-data-commons/2.7.6/spring-data-commons-2.7.6.jar:/Users/iqbal/.m2/repository/org/springframework/boot/spring-boot-starter-data-jpa/2.7.7/spring-boot-starter-data-jpa-2.7.7.jar:/Users/iqbal/.m2/repository/jakarta/transaction/jakarta.transaction-api/1.3.3/jakarta.transaction-api-1.3.3.jar:/Users/iqbal/.m2/repository/jakarta/persistence/jakarta.persistence-api/2.2.3/jakarta.persistence-api-2.2.3.jar:/Users/iqbal/.m2/repository/org/hibernate/hibernate-core/5.6.14.Final/hibernate-core-5.6.14.Final.jar:/Users/iqbal/.m2/repository/org/jboss/logging/jboss-logging/3.4.3.Final/jboss-logging-3.4.3.Final.jar:/Users/iqbal/.m2/repository/net/bytebuddy/byte-buddy/1.12.20/byte-buddy-1.12.20.jar:/Users/iqbal/.m2/repository/antlr/antlr/2.7.7/antlr-2.7.7.jar:/Users/iqbal/.m2/repository/org/jboss/jandex/2.4.2.Final/jandex-2.4.2.Final.jar:/Users/iqbal/.m2/repository/com/fasterxml/classmate/1.5.1/classmate-1.5.1.jar:/Users/iqbal/.m2/repository/org/hibernate/common/hibernate-commons-annotations/5.1.2.Final/hibernate-commons-annotations-5.1.2.Final.jar:/Users/iqbal/.m2/repository/org/glassfish/jaxb/jaxb-runtime/2.3.7/jaxb-runtime-2.3.7.jar:/Users/iqbal/.m2/repository/org/glassfish/jaxb/txw2/2.3.7/txw2-2.3.7.jar:/Users/iqbal/.m2/repository/com/sun/istack/istack-commons-runtime/3.0.12/istack-commons-runtime-3.0.12.jar:/Users/iqbal/.m2/repository/com/sun/activation/jakarta.activation/1.2.2/jakarta.activation-1.2.2.jar:/Users/iqbal/.m2/repository/org/springframework/data/spring-data-jpa/2.7.6/spring-data-jpa-2.7.6.jar:/Users/iqbal/.m2/repository/org/springframework/spring-orm/5.3.24/spring-orm-5.3.24.jar:/Users/iqbal/.m2/repository/org/springframework/spring-aspects/5.3.24/spring-aspects-5.3.24.jar:/Users/iqbal/.m2/repository/org/springframework/boot/spring-boot-starter-jdbc/2.7.7/spring-boot-starter-jdbc-2.7.7.jar:/Users/iqbal/.m2/repository/com/zaxxer/HikariCP/4.0.3/HikariCP-4.0.3.jar:/Users/iqbal/.m2/repository/org/springframework/spring-jdbc/5.3.24/spring-jdbc-5.3.24.jar:/Users/iqbal/.m2/repository/org/springframework/boot/spring-boot-starter-web/2.7.7/spring-boot-starter-web-2.7.7.jar:/Users/iqbal/.m2/repository/org/springframework/boot/spring-boot-starter-json/2.7.7/spring-boot-starter-json-2.7.7.jar:/Users/iqbal/.m2/repository/com/fasterxml/jackson/datatype/jackson-datatype-jdk8/2.13.4/jackson-datatype-jdk8-2.13.4.jar:/Users/iqbal/.m2/repository/com/fasterxml/jackson/datatype/jackson-datatype-jsr310/2.13.4/jackson-datatype-jsr310-2.13.4.jar:/Users/iqbal/.m2/repository/com/fasterxml/jackson/module/jackson-module-parameter-names/2.13.4/jackson-module-parameter-names-2.13.4.jar:/Users/iqbal/.m2/repository/org/springframework/boot/spring-boot-starter-tomcat/2.7.7/spring-boot-starter-tomcat-2.7.7.jar:/Users/iqbal/.m2/repository/org/apache/tomcat/embed/tomcat-embed-core/9.0.70/tomcat-embed-core-9.0.70.jar:/Users/iqbal/.m2/repository/org/apache/tomcat/embed/tomcat-embed-el/9.0.70/tomcat-embed-el-9.0.70.jar:/Users/iqbal/.m2/repository/org/apache/tomcat/embed/tomcat-embed-websocket/9.0.70/tomcat-embed-websocket-9.0.70.jar:/Users/iqbal/.m2/repository/org/springframework/spring-web/5.3.24/spring-web-5.3.24.jar:/Users/iqbal/.m2/repository/org/springframework/spring-webmvc/5.3.24/spring-webmvc-5.3.24.jar:/Users/iqbal/.m2/repository/org/springframework/spring-expression/5.3.24/spring-expression-5.3.24.jar:/Users/iqbal/.m2/repository/org/springframework/boot/spring-boot-starter-log4j2/2.7.7/spring-boot-starter-log4j2-2.7.7.jar:/Users/iqbal/.m2/repository/org/apache/logging/log4j/log4j-slf4j-impl/2.17.2/log4j-slf4j-impl-2.17.2.jar:/Users/iqbal/.m2/repository/org/apache/logging/log4j/log4j-api/2.17.2/log4j-api-2.17.2.jar:/Users/iqbal/.m2/repository/org/apache/logging/log4j/log4j-core/2.17.2/log4j-core-2.17.2.jar:/Users/iqbal/.m2/repository/org/apache/logging/log4j/log4j-jul/2.17.2/log4j-jul-2.17.2.jar:/Users/iqbal/.m2/repository/org/slf4j/jul-to-slf4j/1.7.36/jul-to-slf4j-1.7.36.jar:/Users/iqbal/.m2/repository/org/springframework/kafka/spring-kafka/2.8.11/spring-kafka-2.8.11.jar:/Users/iqbal/.m2/repository/org/springframework/spring-context/5.3.24/spring-context-5.3.24.jar:/Users/iqbal/.m2/repository/org/springframework/spring-messaging/5.3.24/spring-messaging-5.3.24.jar:/Users/iqbal/.m2/repository/org/springframework/spring-tx/5.3.24/spring-tx-5.3.24.jar:/Users/iqbal/.m2/repository/org/springframework/retry/spring-retry/1.3.4/spring-retry-1.3.4.jar:/Users/iqbal/.m2/repository/com/google/code/findbugs/jsr305/3.0.2/jsr305-3.0.2.jar:/Users/iqbal/.m2/repository/org/apache/commons/commons-lang3/3.12.0/commons-lang3-3.12.0.jar:/Users/iqbal/.m2/repository/com/opencsv/opencsv/5.7.1/opencsv-5.7.1.jar:/Users/iqbal/.m2/repository/org/apache/commons/commons-text/1.10.0/commons-text-1.10.0.jar:/Users/iqbal/.m2/repository/commons-beanutils/commons-beanutils/1.9.4/commons-beanutils-1.9.4.jar:/Users/iqbal/.m2/repository/commons-logging/commons-logging/1.2/commons-logging-1.2.jar:/Users/iqbal/.m2/repository/commons-collections/commons-collections/3.2.2/commons-collections-3.2.2.jar:/Users/iqbal/.m2/repository/org/apache/commons/commons-collections4/4.4/commons-collections4-4.4.jar:/Users/iqbal/.m2/repository/org/postgresql/postgresql/42.5.4/postgresql-42.5.4.jar:/Users/iqbal/.m2/repository/org/checkerframework/checker-qual/3.5.0/checker-qual-3.5.0.jar:/Users/iqbal/.m2/repository/org/springframework/boot/spring-boot-starter-test/2.7.7/spring-boot-starter-test-2.7.7.jar:/Users/iqbal/.m2/repository/org/springframework/boot/spring-boot-test/2.7.7/spring-boot-test-2.7.7.jar:/Users/iqbal/.m2/repository/org/springframework/boot/spring-boot-test-autoconfigure/2.7.7/spring-boot-test-autoconfigure-2.7.7.jar:/Users/iqbal/.m2/repository/com/jayway/jsonpath/json-path/2.7.0/json-path-2.7.0.jar:/Users/iqbal/.m2/repository/net/minidev/json-smart/2.4.8/json-smart-2.4.8.jar:/Users/iqbal/.m2/repository/net/minidev/accessors-smart/2.4.8/accessors-smart-2.4.8.jar:/Users/iqbal/.m2/repository/org/ow2/asm/asm/9.1/asm-9.1.jar:/Users/iqbal/.m2/repository/jakarta/xml/bind/jakarta.xml.bind-api/2.3.3/jakarta.xml.bind-api-2.3.3.jar:/Users/iqbal/.m2/repository/jakarta/activation/jakarta.activation-api/1.2.2/jakarta.activation-api-1.2.2.jar:/Users/iqbal/.m2/repository/org/assertj/assertj-core/3.22.0/assertj-core-3.22.0.jar:/Users/iqbal/.m2/repository/org/hamcrest/hamcrest/2.2/hamcrest-2.2.jar:/Users/iqbal/.m2/repository/org/junit/jupiter/junit-jupiter/5.8.2/junit-jupiter-5.8.2.jar:/Users/iqbal/.m2/repository/org/junit/jupiter/junit-jupiter-api/5.8.2/junit-jupiter-api-5.8.2.jar:/Users/iqbal/.m2/repository/org/opentest4j/opentest4j/1.2.0/opentest4j-1.2.0.jar:/Users/iqbal/.m2/repository/org/junit/platform/junit-platform-commons/1.8.2/junit-platform-commons-1.8.2.jar:/Users/iqbal/.m2/repository/org/apiguardian/apiguardian-api/1.1.2/apiguardian-api-1.1.2.jar:/Users/iqbal/.m2/repository/org/junit/jupiter/junit-jupiter-params/5.8.2/junit-jupiter-params-5.8.2.jar:/Users/iqbal/.m2/repository/org/junit/jupiter/junit-jupiter-engine/5.8.2/junit-jupiter-engine-5.8.2.jar:/Users/iqbal/.m2/repository/org/junit/platform/junit-platform-engine/1.8.2/junit-platform-engine-1.8.2.jar:/Users/iqbal/.m2/repository/org/mockito/mockito-core/4.5.1/mockito-core-4.5.1.jar:/Users/iqbal/.m2/repository/net/bytebuddy/byte-buddy-agent/1.12.20/byte-buddy-agent-1.12.20.jar:/Users/iqbal/.m2/repository/org/objenesis/objenesis/3.2/objenesis-3.2.jar:/Users/iqbal/.m2/repository/org/mockito/mockito-junit-jupiter/4.5.1/mockito-junit-jupiter-4.5.1.jar:/Users/iqbal/.m2/repository/org/skyscreamer/jsonassert/1.5.1/jsonassert-1.5.1.jar:/Users/iqbal/.m2/repository/org/springframework/spring-test/5.3.24/spring-test-5.3.24.jar:/Users/iqbal/.m2/repository/org/xmlunit/xmlunit-core/2.9.0/xmlunit-core-2.9.0.jar:/Users/iqbal/.m2/repository/com/vaadin/external/google/android-json/0.0.20131108.vaadin1/android-json-0.0.20131108.vaadin1.jar:/Users/iqbal/.m2/repository/org/springframework/boot/spring-boot-starter-amqp/2.7.7/spring-boot-starter-amqp-2.7.7.jar:/Users/iqbal/.m2/repository/com/rabbitmq/http-client/3.12.1/http-client-3.12.1.jar:/Users/iqbal/.m2/repository/com/fasterxml/jackson/core/jackson-databind/2.13.4.2/jackson-databind-2.13.4.2.jar:/Users/iqbal/.m2/repository/com/fasterxml/jackson/core/jackson-annotations/2.13.4/jackson-annotations-2.13.4.jar:/Users/iqbal/.m2/repository/com/fasterxml/jackson/core/jackson-core/2.13.4/jackson-core-2.13.4.jar:/Users/iqbal/.m2/repository/org/codehaus/groovy/groovy/3.0.13/groovy-3.0.13.jar:/Users/iqbal/.m2/repository/org/codehaus/groovy/groovy-json/3.0.13/groovy-json-3.0.13.jar:/Users/iqbal/.m2/repository/org/apache/commons/commons-csv/1.9.0/commons-csv-1.9.0.jar:/Users/iqbal/.m2/repository/org/springframework/spring-context-support/6.0.6/spring-context-support-6.0.6.jar:/Users/iqbal/.m2/repository/org/springframework/spring-beans/5.3.24/spring-beans-5.3.24.jar:/Users/iqbal/.m2/repository/commons-io/commons-io/2.11.0/commons-io-2.11.0.jar:/Users/iqbal/.m2/repository/org/apache/commons/commons-compress/1.21/commons-compress-1.21.jar:/Users/iqbal/.m2/repository/org/apache/kafka/kafka-clients/7.0.1-ccs/kafka-clients-7.0.1-ccs.jar:/Users/iqbal/.m2/repository/com/github/luben/zstd-jni/1.5.0-2/zstd-jni-1.5.0-2.jar:/Users/iqbal/.m2/repository/org/lz4/lz4-java/1.7.1/lz4-java-1.7.1.jar:/Users/iqbal/.m2/repository/org/xerial/snappy/snappy-java/1.1.8.1/snappy-java-1.1.8.1.jar:/Users/iqbal/.m2/repository/org/slf4j/slf4j-api/1.7.36/slf4j-api-1.7.36.jar:/Users/iqbal/.m2/repository/org/springframework/boot/spring-boot-starter-aop/2.7.7/spring-boot-starter-aop-2.7.7.jar:/Users/iqbal/.m2/repository/org/springframework/spring-aop/5.3.24/spring-aop-5.3.24.jar:/Users/iqbal/.m2/repository/org/aspectj/aspectjweaver/1.9.7/aspectjweaver-1.9.7.jar:/Users/iqbal/.m2/repository/org/apache/httpcomponents/httpclient/4.5.14/httpclient-4.5.14.jar:/Users/iqbal/.m2/repository/org/apache/httpcomponents/httpcore/4.4.16/httpcore-4.4.16.jar:/Users/iqbal/.m2/repository/commons-codec/commons-codec/1.15/commons-codec-1.15.jar:/Users/iqbal/.m2/repository/org/projectlombok/lombok/1.18.24/lombok-1.18.24.jar:/Users/iqbal/.m2/repository/com/github/pengrad/java-telegram-bot-api/6.3.0/java-telegram-bot-api-6.3.0.jar:/Users/iqbal/.m2/repository/com/google/code/gson/gson/2.9.1/gson-2.9.1.jar:/Users/iqbal/.m2/repository/com/squareup/okhttp3/okhttp/4.9.3/okhttp-4.9.3.jar:/Users/iqbal/.m2/repository/com/squareup/okio/okio/2.8.0/okio-2.8.0.jar:/Users/iqbal/.m2/repository/org/jetbrains/kotlin/kotlin-stdlib-common/1.6.21/kotlin-stdlib-common-1.6.21.jar:/Users/iqbal/.m2/repository/org/jetbrains/kotlin/kotlin-stdlib/1.6.21/kotlin-stdlib-1.6.21.jar:/Users/iqbal/.m2/repository/org/jetbrains/annotations/13.0/annotations-13.0.jar:/Users/iqbal/.m2/repository/com/squareup/okhttp3/logging-interceptor/4.9.3/logging-interceptor-4.9.3.jar:/Users/iqbal/.m2/repository/org/jetbrains/kotlin/kotlin-stdlib-jdk8/1.6.21/kotlin-stdlib-jdk8-1.6.21.jar:/Users/iqbal/.m2/repository/org/jetbrains/kotlin/kotlin-stdlib-jdk7/1.6.21/kotlin-stdlib-jdk7-1.6.21.jar:/Users/iqbal/.m2/repository/io/confluent/kafka-json-schema-serializer/7.3.1/kafka-json-schema-serializer-7.3.1.jar:/Users/iqbal/.m2/repository/io/confluent/kafka-json-schema-provider/7.3.1/kafka-json-schema-provider-7.3.1.jar:/Users/iqbal/.m2/repository/com/github/erosb/everit-json-schema/1.14.1/everit-json-schema-1.14.1.jar:/Users/iqbal/.m2/repository/org/json/json/20220320/json-20220320.jar:/Users/iqbal/.m2/repository/commons-validator/commons-validator/1.7/commons-validator-1.7.jar:/Users/iqbal/.m2/repository/commons-digester/commons-digester/2.1/commons-digester-2.1.jar:/Users/iqbal/.m2/repository/com/damnhandy/handy-uri-templates/2.1.8/handy-uri-templates-2.1.8.jar:/Users/iqbal/.m2/repository/com/google/re2j/re2j/1.6/re2j-1.6.jar:/Users/iqbal/.m2/repository/com/fasterxml/jackson/datatype/jackson-datatype-guava/2.13.4/jackson-datatype-guava-2.13.4.jar:/Users/iqbal/.m2/repository/com/fasterxml/jackson/datatype/jackson-datatype-joda/2.13.4/jackson-datatype-joda-2.13.4.jar:/Users/iqbal/.m2/repository/joda-time/joda-time/2.10.8/joda-time-2.10.8.jar:/Users/iqbal/.m2/repository/com/kjetland/mbknor-jackson-jsonschema_2.13/1.0.39/mbknor-jackson-jsonschema_2.13-1.0.39.jar:/Users/iqbal/.m2/repository/org/scala-lang/scala-library/2.13.1/scala-library-2.13.1.jar:/Users/iqbal/.m2/repository/javax/validation/validation-api/2.0.1.Final/validation-api-2.0.1.Final.jar:/Users/iqbal/.m2/repository/io/github/classgraph/classgraph/4.8.21/classgraph-4.8.21.jar:/Users/iqbal/.m2/repository/org/jetbrains/kotlin/kotlin-scripting-jvm/1.6.21/kotlin-scripting-jvm-1.6.21.jar:/Users/iqbal/.m2/repository/org/jetbrains/kotlin/kotlin-script-runtime/1.6.21/kotlin-script-runtime-1.6.21.jar:/Users/iqbal/.m2/repository/org/jetbrains/kotlin/kotlin-scripting-common/1.6.21/kotlin-scripting-common-1.6.21.jar:/Users/iqbal/.m2/repository/org/jetbrains/kotlin/kotlin-scripting-compiler-embeddable/1.6.0/kotlin-scripting-compiler-embeddable-1.6.0.jar:/Users/iqbal/.m2/repository/org/jetbrains/kotlin/kotlin-scripting-compiler-impl-embeddable/1.6.0/kotlin-scripting-compiler-impl-embeddable-1.6.0.jar:/Users/iqbal/.m2/repository/io/confluent/kafka-schema-serializer/7.3.1/kafka-schema-serializer-7.3.1.jar:/Users/iqbal/.m2/repository/io/confluent/kafka-json-serializer/7.3.1/kafka-json-serializer-7.3.1.jar:/Users/iqbal/.m2/repository/io/confluent/common-config/7.3.1/common-config-7.3.1.jar:/Users/iqbal/.m2/repository/io/confluent/kafka-schema-registry-client/7.3.1/kafka-schema-registry-client-7.3.1.jar:/Users/iqbal/.m2/repository/org/apache/avro/avro/1.11.0/avro-1.11.0.jar:/Users/iqbal/.m2/repository/io/swagger/core/v3/swagger-annotations/2.1.10/swagger-annotations-2.1.10.jar:/Users/iqbal/.m2/repository/com/google/guava/guava/30.1.1-jre/guava-30.1.1-jre.jar:/Users/iqbal/.m2/repository/com/google/guava/failureaccess/1.0.1/failureaccess-1.0.1.jar:/Users/iqbal/.m2/repository/com/google/guava/listenablefuture/9999.0-empty-to-avoid-conflict-with-guava/listenablefuture-9999.0-empty-to-avoid-conflict-with-guava.jar:/Users/iqbal/.m2/repository/com/google/errorprone/error_prone_annotations/2.5.1/error_prone_annotations-2.5.1.jar:/Users/iqbal/.m2/repository/com/google/j2objc/j2objc-annotations/1.3/j2objc-annotations-1.3.jar:/Users/iqbal/.m2/repository/io/confluent/common-utils/7.3.1/common-utils-7.3.1.jar:/Users/iqbal/.m2/repository/org/springframework/cloud/spring-cloud-starter-sleuth/3.1.9/spring-cloud-starter-sleuth-3.1.9.jar:/Users/iqbal/.m2/repository/org/springframework/cloud/spring-cloud-starter/3.1.7/spring-cloud-starter-3.1.7.jar:/Users/iqbal/.m2/repository/org/springframework/cloud/spring-cloud-context/3.1.7/spring-cloud-context-3.1.7.jar:/Users/iqbal/.m2/repository/org/springframework/security/spring-security-rsa/1.0.11.RELEASE/spring-security-rsa-1.0.11.RELEASE.jar:/Users/iqbal/.m2/repository/org/bouncycastle/bcpkix-jdk15on/1.69/bcpkix-jdk15on-1.69.jar:/Users/iqbal/.m2/repository/org/bouncycastle/bcprov-jdk15on/1.69/bcprov-jdk15on-1.69.jar:/Users/iqbal/.m2/repository/org/bouncycastle/bcutil-jdk15on/1.69/bcutil-jdk15on-1.69.jar:/Users/iqbal/.m2/repository/org/springframework/cloud/spring-cloud-sleuth-autoconfigure/3.1.9/spring-cloud-sleuth-autoconfigure-3.1.9.jar:/Users/iqbal/.m2/repository/org/aspectj/aspectjrt/1.9.7/aspectjrt-1.9.7.jar:/Users/iqbal/.m2/repository/org/springframework/cloud/spring-cloud-sleuth-brave/3.1.9/spring-cloud-sleuth-brave-3.1.9.jar:/Users/iqbal/.m2/repository/io/zipkin/brave/brave-context-slf4j/5.13.9/brave-context-slf4j-5.13.9.jar:/Users/iqbal/.m2/repository/io/zipkin/brave/brave-instrumentation-spring-rabbit/5.13.9/brave-instrumentation-spring-rabbit-5.13.9.jar:/Users/iqbal/.m2/repository/io/zipkin/brave/brave-instrumentation-kafka-clients/5.13.9/brave-instrumentation-kafka-clients-5.13.9.jar:/Users/iqbal/.m2/repository/io/zipkin/brave/brave-instrumentation-kafka-streams/5.13.9/brave-instrumentation-kafka-streams-5.13.9.jar:/Users/iqbal/.m2/repository/io/zipkin/brave/brave-instrumentation-httpasyncclient/5.13.9/brave-instrumentation-httpasyncclient-5.13.9.jar:/Users/iqbal/.m2/repository/io/zipkin/brave/brave-instrumentation-jms/5.13.9/brave-instrumentation-jms-5.13.9.jar:/Users/iqbal/.m2/repository/io/zipkin/brave/brave-instrumentation-mongodb/5.13.9/brave-instrumentation-mongodb-5.13.9.jar:/Users/iqbal/.m2/repository/io/zipkin/aws/brave-propagation-aws/0.21.3/brave-propagation-aws-0.21.3.jar:/Users/iqbal/.m2/repository/io/zipkin/reporter2/zipkin-reporter-metrics-micrometer/2.16.3/zipkin-reporter-metrics-micrometer-2.16.3.jar:/Users/iqbal/.m2/repository/org/springframework/cloud/spring-cloud-sleuth-zipkin/3.1.9/spring-cloud-sleuth-zipkin-3.1.9.jar:/Users/iqbal/.m2/repository/org/springframework/cloud/spring-cloud-sleuth-instrumentation/3.1.9/spring-cloud-sleuth-instrumentation-3.1.9.jar:/Users/iqbal/.m2/repository/org/springframework/cloud/spring-cloud-sleuth-api/3.1.9/spring-cloud-sleuth-api-3.1.9.jar:/Users/iqbal/.m2/repository/org/springframework/cloud/spring-cloud-commons/3.1.7/spring-cloud-commons-3.1.7.jar:/Users/iqbal/.m2/repository/org/springframework/security/spring-security-crypto/5.7.6/spring-security-crypto-5.7.6.jar:/Users/iqbal/.m2/repository/io/zipkin/zipkin2/zipkin/2.23.2/zipkin-2.23.2.jar:/Users/iqbal/.m2/repository/io/zipkin/reporter2/zipkin-reporter/2.16.3/zipkin-reporter-2.16.3.jar:/Users/iqbal/.m2/repository/io/zipkin/reporter2/zipkin-reporter-brave/2.16.3/zipkin-reporter-brave-2.16.3.jar:/Users/iqbal/.m2/repository/io/zipkin/reporter2/zipkin-sender-kafka/2.16.3/zipkin-sender-kafka-2.16.3.jar:/Users/iqbal/.m2/repository/io/zipkin/reporter2/zipkin-sender-activemq-client/2.16.3/zipkin-sender-activemq-client-2.16.3.jar:/Users/iqbal/.m2/repository/io/zipkin/reporter2/zipkin-sender-amqp-client/2.16.3/zipkin-sender-amqp-client-2.16.3.jar:/Users/iqbal/.m2/repository/org/springframework/amqp/spring-rabbit/2.4.8/spring-rabbit-2.4.8.jar:/Users/iqbal/.m2/repository/org/springframework/amqp/spring-amqp/2.4.8/spring-amqp-2.4.8.jar:/Users/iqbal/.m2/repository/com/rabbitmq/amqp-client/5.14.2/amqp-client-5.14.2.jar:/Users/iqbal/.m2/repository/org/springframework/boot/spring-boot-starter-actuator/2.7.7/spring-boot-starter-actuator-2.7.7.jar:/Users/iqbal/.m2/repository/org/springframework/boot/spring-boot-actuator-autoconfigure/2.7.7/spring-boot-actuator-autoconfigure-2.7.7.jar:/Users/iqbal/.m2/repository/org/springframework/boot/spring-boot-actuator/2.7.7/spring-boot-actuator-2.7.7.jar:/Users/iqbal/.m2/repository/io/micrometer/micrometer-core/1.9.6/micrometer-core-1.9.6.jar:/Users/iqbal/.m2/repository/org/hdrhistogram/HdrHistogram/2.1.12/HdrHistogram-2.1.12.jar:/Users/iqbal/.m2/repository/org/latencyutils/LatencyUtils/2.0.3/LatencyUtils-2.0.3.jar:/Users/iqbal/.m2/repository/io/zipkin/brave/brave-instrumentation-httpclient/5.16.0/brave-instrumentation-httpclient-5.16.0.jar:/Users/iqbal/.m2/repository/io/zipkin/brave/brave-instrumentation-http/5.16.0/brave-instrumentation-http-5.16.0.jar:/Users/iqbal/.m2/repository/io/zipkin/brave/brave/5.16.0/brave-5.16.0.jar:/Users/iqbal/.m2/repository/io/zipkin/reporter2/zipkin-sender-okhttp3/2.16.4/zipkin-sender-okhttp3-2.16.4.jar:/Users/iqbal/.m2/repository/io/zipkin/brave/brave-instrumentation-okhttp3/5.16.0/brave-instrumentation-okhttp3-5.16.0.jar:/Users/iqbal/.m2/repository/io/zipkin/brave/brave-instrumentation-servlet/5.16.0/brave-instrumentation-servlet-5.16.0.jar:/Users/iqbal/.m2/repository/io/zipkin/brave/brave-context-log4j2/5.16.0/brave-context-log4j2-5.16.0.jar:/Users/iqbal/.m2/repository/io/zipkin/brave/brave-spring-beans/5.16.0/brave-spring-beans-5.16.0.jar:/Users/iqbal/.m2/repository/io/zipkin/brave/brave-instrumentation-messaging/5.16.0/brave-instrumentation-messaging-5.16.0.jar:/Users/iqbal/.m2/repository/io/zipkin/brave/brave-instrumentation-rpc/5.16.0/brave-instrumentation-rpc-5.16.0.jar:/Users/iqbal/.m2/repository/io/zipkin/reporter2/zipkin-reporter-spring-beans/2.16.3/zipkin-reporter-spring-beans-2.16.3.jar:"/>
    <property name="sun.cpu.endian" value="little"/>
    <property name="user.home" value="/Users/iqbal"/>
    <property name="user.language" value="en"/>
    <property name="java.specification.vendor" value="Oracle Corporation"/>
    <property name="java.version.date" value="2022-10-18"/>
    <property name="java.home" value="/opt/homebrew/Cellar/openjdk/19.0.1/libexec/openjdk.jdk/Contents/Home"/>
    <property name="file.separator" value="/"/>
    <property name="basedir" value="/Users/iqbal/iqbal/microservice"/>
    <property name="java.vm.compressedOopsMode" value="Zero based"/>
    <property name="line.separator" value="&#10;"/>
    <property name="java.vm.specification.vendor" value="Oracle Corporation"/>
    <property name="java.specification.name" value="Java Platform API Specification"/>
    <property name="apple.awt.application.name" value="ForkedBooter"/>
    <property name="surefire.real.class.path" value="/Users/iqbal/iqbal/microservice/target/surefire/surefirebooter10913772613973975811.jar"/>
    <property name="sun.management.compiler" value="HotSpot 64-Bit Tiered Compilers"/>
    <property name="ftp.nonProxyHosts" value="local|*.local|169.254/16|*.169.254/16"/>
    <property name="java.runtime.version" value="19.0.1"/>
    <property name="user.name" value="iqbal"/>
    <property name="stdout.encoding" value="UTF-8"/>
    <property name="path.separator" value=":"/>
    <property name="os.version" value="13.4.1"/>
    <property name="java.runtime.name" value="OpenJDK Runtime Environment"/>
    <property name="file.encoding" value="UTF-8"/>
    <property name="java.vm.name" value="OpenJDK 64-Bit Server VM"/>
    <property name="java.vendor.version" value="Homebrew"/>
    <property name="localRepository" value="/Users/iqbal/.m2/repository"/>
    <property name="java.vendor.url.bug" value="https://github.com/Homebrew/homebrew-core/issues"/>
    <property name="java.io.tmpdir" value="/var/folders/9k/2j_s69vx19l7twqgsjnnsxwc0000gn/T/"/>
    <property name="java.version" value="19.0.1"/>
    <property name="user.dir" value="/Users/iqbal/iqbal/microservice"/>
    <property name="os.arch" value="aarch64"/>
    <property name="java.vm.specification.name" value="Java Virtual Machine Specification"/>
    <property name="native.encoding" value="UTF-8"/>
    <property name="java.library.path" value="/Users/iqbal/Library/Java/Extensions:/Library/Java/Extensions:/Network/Library/Java/Extensions:/System/Library/Java/Extensions:/usr/lib/java:."/>
    <property name="java.vm.info" value="mixed mode, sharing"/>
    <property name="stderr.encoding" value="UTF-8"/>
    <property name="java.vendor" value="Homebrew"/>
    <property name="java.vm.version" value="19.0.1"/>
    <property name="sun.io.unicode.encoding" value="UnicodeBig"/>
    <property name="socksNonProxyHosts" value="local|*.local|169.254/16|*.169.254/16"/>
    <property name="java.class.version" value="63.0"/>
  </properties>
  <testcase name="contextLoads" classname="id.idtrust.billing.BillingApplicationTests" time="0.129"/>
</testsuite>